        -:    0:Source:../src/board.c
        -:    0:Graph:board.gcno
        -:    0:Data:board.gcda
        -:    0:Runs:2
        -:    0:Programs:1
        -:    1:#include "board.h"
        -:    2:
        -:    3:int Board[WIDTH][HEIGHT];
        -:    4:
        -:    5:int createBoard()
function _Z11createBoardv called 6 returned 100% blocks executed 100%
        6:    6:{
        6:    7:  int i,j;
       24:    8:  for(i=0;i<WIDTH;i++)
branch  0 taken 18 (fallthrough)
branch  1 taken 6
        -:    9:    {
       72:   10:      for(j=0;j<HEIGHT;j++)
branch  0 taken 54 (fallthrough)
branch  1 taken 18
        -:   11:        {
       54:   12:          Board[i][j]=EMPTY;
        -:   13:          }
        -:   14:    }
        6:   15:  return 0;
        -:   16:}
        -:   17:
        -:   18:int getBoardCell(int x, int y)
function _Z12getBoardCellii called 26 returned 100% blocks executed 100%
       26:   19:{
        -:   20:
       26:   21:  return Board[x][y];
        -:   22:  
        -:   23:}
        -:   24:
        -:   25:int putPiece(int x, int y,int player)
function _Z8putPieceiii called 12 returned 100% blocks executed 100%
       12:   26:{
       12:   27:  int result=0;
        -:   28:  
       12:   29:  if(x<WIDTH && x>=0 && y<HEIGHT && y >=0)
branch  0 taken 10 (fallthrough)
branch  1 taken 2
branch  2 taken 8 (fallthrough)
branch  3 taken 2
branch  4 taken 6 (fallthrough)
branch  5 taken 2
branch  6 taken 6 (fallthrough)
branch  7 taken 0
        -:   30:    {
        6:   31:      Board[x][y]=player;
        6:   32:      result=0;
        -:   33:    }
        -:   34:  else
        -:   35:    {
        6:   36:      result=1;
        -:   37:    }
        -:   38:
       12:   39:  return result;
        -:   40:}
