        -:    0:Source:src/board.c
        -:    0:Graph:../obj/src/board.gcno
        -:    0:Data:../obj/src/board.gcda
        -:    0:Runs:1
        -:    0:Programs:1
        -:    1:/*EOF*/
        -:    2:/*EOF*/
        -:    3:/*EOF*/
        -:    4:/*EOF*/
       12:    5:/*EOF*/
        -:    6:/*EOF*/
        -:    7:/*EOF*/
       48:    8:/*EOF*/
        -:    9:/*EOF*/
      144:   10:/*EOF*/
        -:   11:/*EOF*/
      108:   12:/*EOF*/
        -:   13:/*EOF*/
        -:   14:/*EOF*/
       12:   15:/*EOF*/
        -:   16:/*EOF*/
        -:   17:/*EOF*/
      758:   18:/*EOF*/
        -:   19:/*EOF*/
        -:   20:/*EOF*/
      758:   21:/*EOF*/
        -:   22:/*EOF*/
        -:   23:/*EOF*/
        -:   24:/*EOF*/
       34:   25:/*EOF*/
        -:   26:/*EOF*/
       34:   27:/*EOF*/
        -:   28:/*EOF*/
       34:   29:/*EOF*/
        -:   30:/*EOF*/
       62:   31:/*EOF*/
        -:   32:/*EOF*/
       29:   33:/*EOF*/
       29:   34:/*EOF*/
        -:   35:/*EOF*/
        -:   36:/*EOF*/
        2:   37:/*EOF*/
        -:   38:/*EOF*/
        -:   39:/*EOF*/
        -:   40:/*EOF*/
        -:   41:/*EOF*/
        3:   42:/*EOF*/
        -:   43:/*EOF*/
        -:   44:/*EOF*/
       34:   45:/*EOF*/
